\BOOKMARK [0][-]{chapter.1}{\376\377\000P\000r\000o\000j\000e\000c\000t\000\040\0000\0001\000:\000\040\000S\000e\000c\000u\000r\000e\000\040\000S\000t\000a\000t\000e\000\040\000E\000s\000t\000i\000m\000a\000t\000i\000o\000n}{}% 1
\BOOKMARK [1][-]{section.1.1}{\376\377\000O\000b\000j\000e\000c\000t\000i\000v\000e\000s}{chapter.1}% 2
\BOOKMARK [1][-]{section.1.2}{\376\377\000S\000e\000t\000t\000i\000n\000g\000\040\000o\000f\000\040\000t\000h\000e\000\040\000p\000r\000o\000b\000l\000e\000m}{chapter.1}% 3
\BOOKMARK [1][-]{section.1.3}{\376\377\000P\000e\000r\000f\000o\000r\000m\000i\000n\000g\000\040\000S\000e\000c\000u\000r\000e\000\040\000S\000t\000a\000t\000e\000\040\000E\000s\000t\000i\000m\000a\000t\000i\000o\000n}{chapter.1}% 4
\BOOKMARK [2][-]{subsection.1.3.1}{\376\377\000I\000n\000e\000r\000t\000i\000a\000l\000\040\000J\000a\000c\000o\000b\000i\000\040\000A\000l\000t\000e\000r\000n\000a\000t\000i\000n\000g\000\040\000m\000i\000n\000i\000m\000i\000z\000a\000t\000i\000o\000n\000,\000\040\000o\000r\000\040\000I\000J\000A\000M}{section.1.3}% 5
\BOOKMARK [2][-]{subsection.1.3.2}{\376\377\000I\000t\000e\000r\000a\000t\000i\000v\000e\000\040\000S\000o\000f\000t\000\040\000T\000h\000r\000e\000s\000h\000o\000l\000d\000i\000n\000g\000\040\000A\000l\000g\000o\000r\000i\000t\000h\000m\000,\000\040\000o\000r\000\040\000I\000S\000T\000A}{section.1.3}% 6
\BOOKMARK [2][-]{subsection.1.3.3}{\376\377\000M\000y\000\040\000I\000J\000A\000M\000\040\000a\000n\000d\000\040\000M\000Y\000\040\000I\000S\000T\000A}{section.1.3}% 7
\BOOKMARK [1][-]{section.1.4}{\376\377\000A\000n\000a\000l\000y\000s\000i\000s}{chapter.1}% 8
\BOOKMARK [2][-]{subsection.1.4.1}{\376\377\000R\000e\000c\000o\000v\000e\000r\000y\000\040\000P\000e\000r\000f\000o\000r\000m\000a\000n\000c\000e\000\040\000M\000a\000t\000r\000i\000c\000e\000s}{section.1.4}% 9
\BOOKMARK [2][-]{subsection.1.4.2}{\376\377\000T\000u\000n\000n\000i\000n\000g\000\040\000h\000y\000p\000e\000r\000p\000a\000r\000a\000m\000e\000t\000e\000r\000s}{section.1.4}% 10
\BOOKMARK [1][-]{section.1.5}{\376\377\000F\000u\000r\000t\000h\000e\000r\000\040\000D\000i\000s\000c\000u\000s\000s\000i\000o\000n}{chapter.1}% 11
\BOOKMARK [2][-]{subsection.1.5.1}{\376\377\000M\000y\000\040\000C\000o\000n\000j\000e\000c\000t\000u\000r\000e}{section.1.5}% 12
\BOOKMARK [2][-]{subsection.1.5.2}{\376\377\000T\000h\000e\000\040\000e\000n\000e\000r\000g\000y\000\040\000o\000f\000\040\000t\000h\000e\000\040\000a\000t\000t\000a\000c\000k}{section.1.5}% 13
\BOOKMARK [1][-]{section.1.6}{\376\377\000C\000o\000n\000c\000l\000u\000s\000i\000o\000n}{chapter.1}% 14
\BOOKMARK [0][-]{chapter.2}{\376\377\000P\000r\000o\000j\000e\000c\000t\000\040\0000\0002\000:\000\040\000T\000a\000r\000g\000e\000t\000\040\000l\000o\000c\000a\000l\000i\000z\000a\000t\000i\000o\000n\000\040\000u\000n\000d\000e\000r\000\040\000s\000p\000a\000r\000s\000e\000\040\000s\000e\000n\000s\000o\000r\000\040\000a\000t\000t\000a\000c\000k\000s}{}% 15
\BOOKMARK [1][-]{section.2.1}{\376\377\000O\000b\000j\000e\000c\000t\000i\000v\000e\000s}{chapter.2}% 16
\BOOKMARK [1][-]{section.2.2}{\376\377\000S\000e\000t\000t\000i\000n\000g\000\040\000o\000f\000\040\000t\000h\000e\000\040\000p\000r\000o\000b\000l\000e\000m}{chapter.2}% 17
\BOOKMARK [1][-]{section.2.3}{\376\377\000I\000m\000p\000l\000e\000m\000e\000n\000t\000a\000t\000i\000o\000n\000\040\000o\000f\000\040\000t\000h\000e\000\040\000a\000l\000g\000o\000r\000i\000t\000h\000m}{chapter.2}% 18
\BOOKMARK [1][-]{section.2.4}{\376\377\000R\000e\000s\000u\000l\000t\000s\000,}{chapter.2}% 19
\BOOKMARK [1][-]{section.2.5}{\376\377\000F\000u\000r\000t\000h\000e\000r\000\040\000d\000i\000s\000c\000u\000s\000s\000i\000o\000n\000:\000\040}{chapter.2}% 20
\BOOKMARK [2][-]{subsection.2.5.1}{\376\377\000w\000h\000y\000\040\000n\000o\000t\000\040\000I\000J\000A\000M\000?}{section.2.5}% 21
\BOOKMARK [2][-]{subsection.2.5.2}{\376\377\000f\000i\000n\000d\000i\000n\000g\000\040\000t\000h\000e\000\040\000p\000o\000s\000i\000t\000i\000o\000n\000\040\000o\000f\000\040\000t\000h\000e\000\040\000s\000e\000n\000s\000o\000r}{section.2.5}% 22
\BOOKMARK [2][-]{subsection.2.5.3}{\376\377\000L\000o\000c\000a\000l\000i\000z\000a\000t\000i\000o\000n\000\040\000u\000s\000i\000n\000g\000\040\0001\000\040\000a\000t\000t\000a\000c\000k\000-\000f\000r\000e\000e\000\040\000s\000e\000n\000s\000o\000r\000s\000\040\000a\000n\000d\000\040\000n\000o\000t\000\040\0003\000.\000\040\000H\000o\000w\000\040\000i\000s\000\040\000i\000t\000\040\000p\000o\000s\000s\000i\000b\000l\000e\000?}{section.2.5}% 23
\BOOKMARK [1][-]{section.2.6}{\376\377\000C\000o\000n\000c\000l\000u\000s\000i\000o\000n}{chapter.2}% 24
\BOOKMARK [0][-]{chapter.3}{\376\377\000P\000r\000o\000j\000e\000c\000t\000\040\0000\0003\000:\000\040\000S\000e\000c\000u\000r\000e\000\040\000S\000t\000a\000t\000e\000\040\000E\000s\000t\000i\000m\000a\000t\000i\000o\000n\000\040\000o\000f\000\040\000a\000\040\000D\000y\000n\000a\000m\000i\000c\000\040\000C\000P\000S\000\040\000w\000i\000t\000h\000\040\000S\000p\000a\000r\000s\000e\000\040\000S\000e\000n\000s\000o\000r\000\040\000A\000t\000t\000a\000c\000k\000s}{}% 25
\BOOKMARK [1][-]{section.3.1}{\376\377\000O\000b\000j\000e\000c\000t\000i\000v\000e\000s}{chapter.3}% 26
\BOOKMARK [1][-]{section.3.2}{\376\377\000S\000e\000t\000t\000i\000n\000g\000\040\000o\000f\000\040\000t\000h\000e\000\040\000p\000r\000o\000b\000l\000e\000m}{chapter.3}% 27
\BOOKMARK [1][-]{section.3.3}{\376\377\000I\000m\000p\000l\000e\000m\000e\000n\000t\000a\000t\000i\000o\000n}{chapter.3}% 28
\BOOKMARK [2][-]{subsection.3.3.1}{\376\377\000L\000u\000e\000n\000b\000e\000r\000g\000\040\000O\000b\000s\000e\000r\000v\000e\000r}{section.3.3}% 29
\BOOKMARK [2][-]{subsection.3.3.2}{\376\377\000S\000p\000a\000r\000s\000e\000\040\000S\000o\000f\000t\000\040\000O\000b\000s\000e\000r\000v\000e\000r\000\040\000\050\000S\000S\000O\000\051}{section.3.3}% 30
\BOOKMARK [2][-]{subsection.3.3.3}{\376\377\000D\000e\000a\000d\000b\000e\000a\000t\000\040\000S\000p\000a\000r\000s\000e\000\040\000S\000o\000f\000t\000\040\000O\000b\000s\000e\000r\000v\000e\000r\000\040\000\050\000D\000-\000S\000S\000O\000\051}{section.3.3}% 31
\BOOKMARK [2][-]{subsection.3.3.4}{\376\377\000E\000n\000h\000a\000n\000c\000i\000n\000g\000\040\000t\000h\000e\000\040\000e\000s\000t\000i\000m\000a\000t\000i\000o\000n\000\040\000b\000y\000\040\000r\000e\000m\000o\000v\000i\000n\000g\000\040\000t\000h\000e\000\040\000a\000t\000t\000a\000c\000k\000e\000d\000\040\000m\000e\000a\000s\000u\000r\000e\000m\000e\000n\000t\000s}{section.3.3}% 32
\BOOKMARK [1][-]{section.3.4}{\376\377\000A\000n\000a\000l\000y\000s\000i\000s}{chapter.3}% 33
\BOOKMARK [1][-]{section.3.5}{\376\377\000c\000o\000n\000c\000l\000u\000s\000i\000o\000n}{chapter.3}% 34
\BOOKMARK [0][-]{chapter.4}{\376\377\000P\000r\000o\000j\000e\000c\000t\000\040\0000\0004\000:\000\040\000T\000a\000r\000g\000e\000t\000\040\000t\000r\000a\000c\000k\000i\000n\000g\000\040\000u\000n\000d\000e\000r\000\040\000s\000p\000a\000r\000s\000e\000\040\000s\000e\000n\000s\000o\000r\000\040\000a\000t\000t\000a\000c\000k\000s}{}% 35
\BOOKMARK [1][-]{section.4.1}{\376\377\000O\000b\000j\000e\000c\000t\000i\000v\000e\000s}{chapter.4}% 36
\BOOKMARK [1][-]{section.4.2}{\376\377\000S\000e\000t\000t\000i\000n\000g\000\040\000o\000f\000\040\000t\000h\000e\000\040\000p\000r\000o\000b\000l\000e\000m}{chapter.4}% 37
\BOOKMARK [1][-]{section.4.3}{\376\377\000I\000m\000p\000l\000e\000m\000e\000n\000t\000a\000t\000i\000o\000n\000\040\000o\000f\000\040\000t\000h\000e\000\040\000a\000l\000g\000o\000r\000i\000t\000h\000m}{chapter.4}% 38
\BOOKMARK [2][-]{subsection.4.3.1}{\376\377\000L\000u\000e\000n\000b\000e\000r\000g\000\040\000O\000b\000s\000e\000r\000v\000e\000r}{section.4.3}% 39
\BOOKMARK [2][-]{subsection.4.3.2}{\376\377\000S\000S\000O\000\040\000f\000o\000r\000\040\000t\000r\000a\000c\000k\000i\000n\000g}{section.4.3}% 40
\BOOKMARK [2][-]{subsection.4.3.3}{\376\377\000D\000-\000S\000S\000O\000\040\000f\000o\000r\000\040\000t\000r\000a\000c\000k\000i\000n\000g}{section.4.3}% 41
\BOOKMARK [1][-]{section.4.4}{\376\377\000R\000e\000s\000u\000l\000t\000s}{chapter.4}% 42
\BOOKMARK [2][-]{subsection.4.4.1}{\376\377\000S\000t\000a\000t\000e\000\040\000S\000u\000p\000p\000o\000r\000t\000\040\000E\000r\000r\000o\000r}{section.4.4}% 43
\BOOKMARK [2][-]{subsection.4.4.2}{\376\377\000A\000t\000t\000a\000c\000k\000\040\000S\000u\000p\000p\000o\000r\000t\000\040\000E\000r\000r\000o\000r\000:}{section.4.4}% 44
\BOOKMARK [1][-]{section.4.5}{\376\377\000C\000o\000n\000c\000l\000u\000s\000i\000o\000n}{chapter.4}% 45
\BOOKMARK [0][-]{chapter.5}{\376\377\000P\000r\000o\000j\000e\000c\000t\000\040\0000\0005\000:\000\040\000D\000i\000s\000t\000r\000i\000b\000u\000t\000e\000d\000\040\000T\000a\000r\000g\000e\000t\000\040\000l\000o\000c\000a\000l\000i\000z\000a\000t\000i\000o\000n\000\040\000u\000n\000d\000e\000r\000\040\000s\000p\000a\000r\000s\000e\000\040\000s\000e\000n\000s\000o\000r\000\040\000a\000t\000t\000a\000c\000k\000s}{}% 46
\BOOKMARK [1][-]{section.5.1}{\376\377\000O\000b\000j\000e\000c\000t\000i\000v\000e\000s}{chapter.5}% 47
\BOOKMARK [1][-]{section.5.2}{\376\377\000S\000e\000t\000t\000i\000n\000g\000\040\000o\000f\000\040\000t\000h\000e\000\040\000p\000r\000o\000b\000l\000e\000m}{chapter.5}% 48
\BOOKMARK [1][-]{section.5.3}{\376\377\000I\000m\000p\000l\000e\000m\000e\000n\000t\000a\000t\000i\000o\000n\000\040\000o\000f\000\040\000t\000h\000e\000\040\000a\000l\000g\000o\000r\000i\000t\000h\000m}{chapter.5}% 49
\BOOKMARK [2][-]{subsection.5.3.1}{\376\377\000D\000I\000S\000T\000A\000\040\000f\000o\000r\000\040\000R\000i\000n\000g\000\040\000T\000o\000p\000o\000l\000o\000g\000y}{section.5.3}% 50
\BOOKMARK [2][-]{subsection.5.3.2}{\376\377\000D\000I\000S\000T\000A\000\040\000f\000o\000r\000\040\000S\000t\000a\000r\000\040\000T\000o\000p\000o\000l\000o\000g\000y}{section.5.3}% 51
\BOOKMARK [1][-]{section.5.4}{\376\377\000R\000e\000s\000u\000l\000t\000s}{chapter.5}% 52
\BOOKMARK [1][-]{section.5.5}{\376\377\000F\000u\000r\000t\000h\000e\000r\000\040\000d\000i\000s\000c\000u\000s\000s\000i\000o\000n}{chapter.5}% 53
\BOOKMARK [1][-]{section.5.6}{\376\377\000C\000o\000n\000c\000l\000u\000s\000i\000o\000n}{chapter.5}% 54
\BOOKMARK [0][-]{chapter.6}{\376\377\000P\000r\000o\000j\000e\000c\000t\000\040\0000\0006\000:\000\040\000D\000i\000s\000t\000r\000i\000b\000u\000t\000e\000d\000\040\000C\000o\000n\000t\000r\000o\000l\000\040\000o\000f\000\040\000a\000\040\000M\000u\000l\000t\000i\000-\000a\000g\000e\000n\000t\000\040\000m\000a\000g\000n\000e\000t\000i\000c\000\040\000l\000e\000v\000i\000t\000a\000t\000i\000o\000n\000\040\000s\000y\000s\000t\000e\000m}{}% 55
\BOOKMARK [1][-]{section.6.1}{\376\377\000O\000b\000j\000e\000c\000t\000i\000v\000e\000s}{chapter.6}% 56
\BOOKMARK [1][-]{section.6.2}{\376\377\000S\000e\000t\000t\000i\000n\000g\000\040\000o\000f\000\040\000t\000h\000e\000\040\000p\000r\000o\000b\000l\000e\000m}{chapter.6}% 57
\BOOKMARK [2][-]{subsection.6.2.1}{\376\377\000D\000y\000n\000a\000m\000i\000c\000s\000\040\000o\000f\000\040\000t\000h\000e\000\040\000N\000o\000d\000e\000s}{section.6.2}% 58
\BOOKMARK [2][-]{subsection.6.2.2}{\376\377\000R\000e\000f\000e\000r\000e\000n\000c\000e\000\040\000g\000e\000n\000e\000r\000a\000t\000i\000o\000n\000\040\000b\000y\000\040\000t\000h\000e\000\040\000l\000e\000a\000d\000e\000r\000\040\000n\000o\000d\000e}{section.6.2}% 59
\BOOKMARK [2][-]{subsection.6.2.3}{\376\377\000S\000i\000m\000u\000l\000a\000t\000i\000o\000n\000\040\000E\000q\000u\000a\000t\000i\000o\000n}{section.6.2}% 60
\BOOKMARK [2][-]{subsection.6.2.4}{\376\377\000T\000o\000p\000o\000l\000o\000g\000y\000\040\000o\000f\000\040\000t\000h\000e\000\040\000n\000e\000t\000w\000o\000r\000k}{section.6.2}% 61
\BOOKMARK [1][-]{section.6.3}{\376\377\000I\000n\000v\000e\000r\000s\000t\000i\000g\000a\000t\000i\000n\000g\000\040\000t\000r\000e\000e\000\040\000t\000o\000p\000o\000l\000o\000g\000y}{chapter.6}% 62
\BOOKMARK [2][-]{subsection.6.3.1}{\376\377\000D\000i\000s\000t\000r\000i\000b\000u\000t\000e\000d\000\040\000c\000o\000n\000t\000r\000o\000l\000\040\000p\000r\000o\000t\000o\000c\000o\000l\000\040\000w\000i\000t\000h\000\040\000t\000h\000e\000\040\000l\000o\000c\000a\000l\000\040\000o\000b\000s\000e\000r\000v\000e\000r}{section.6.3}% 63
\BOOKMARK [2][-]{subsection.6.3.2}{\376\377\000D\000i\000s\000t\000r\000i\000b\000u\000t\000e\000d\000\040\000c\000o\000n\000t\000r\000o\000l\000\040\000p\000r\000o\000t\000o\000c\000o\000l\000\040\000w\000i\000t\000h\000\040\000t\000h\000e\000\040\000g\000l\000o\000b\000a\000l\000\040\000o\000b\000s\000e\000r\000v\000e\000r}{section.6.3}% 64
\BOOKMARK [2][-]{subsection.6.3.3}{\376\377\000I\000n\000v\000e\000s\000t\000i\000g\000a\000t\000i\000n\000g\000\040\000R\000i\000n\000g\000\040\000T\000o\000p\000o\000l\000o\000g\000y}{section.6.3}% 65
\BOOKMARK [2][-]{subsection.6.3.4}{\376\377\000D\000i\000s\000t\000r\000i\000b\000u\000t\000e\000d\000\040\000c\000o\000n\000t\000r\000o\000l\000\040\000p\000r\000o\000t\000o\000c\000o\000l\000\040\000w\000i\000t\000h\000\040\000t\000h\000e\000\040\000l\000o\000c\000a\000l\000\040\000o\000b\000s\000e\000r\000v\000e\000r}{section.6.3}% 66
\BOOKMARK [2][-]{subsection.6.3.5}{\376\377\000D\000i\000s\000t\000r\000i\000b\000u\000t\000e\000d\000\040\000c\000o\000n\000t\000r\000o\000l\000\040\000p\000r\000o\000t\000o\000c\000o\000l\000\040\000w\000i\000t\000h\000\040\000t\000h\000e\000\040\000g\000l\000o\000b\000a\000l\000\040\000o\000b\000s\000e\000r\000v\000e\000r}{section.6.3}% 67
\BOOKMARK [2][-]{subsection.6.3.6}{\376\377\000I\000n\000v\000e\000s\000t\000i\000g\000a\000t\000i\000n\000g\000\040\000f\000u\000l\000l\000y\000\040\000c\000o\000n\000n\000e\000c\000t\000e\000d\000\040\000T\000o\000p\000o\000l\000o\000g\000y}{section.6.3}% 68
\BOOKMARK [2][-]{subsection.6.3.7}{\376\377\000D\000i\000s\000t\000r\000i\000b\000u\000t\000e\000d\000\040\000c\000o\000n\000t\000r\000o\000l\000\040\000p\000r\000o\000t\000o\000c\000o\000l\000\040\000w\000i\000t\000h\000\040\000t\000h\000e\000\040\000l\000o\000c\000a\000l\000\040\000o\000b\000s\000e\000r\000v\000e\000r}{section.6.3}% 69
\BOOKMARK [2][-]{subsection.6.3.8}{\376\377\000D\000i\000s\000t\000r\000i\000b\000u\000t\000e\000d\000\040\000c\000o\000n\000t\000r\000o\000l\000\040\000p\000r\000o\000t\000o\000c\000o\000l\000\040\000w\000i\000t\000h\000\040\000t\000h\000e\000\040\000g\000l\000o\000b\000a\000l\000\040\000o\000b\000s\000e\000r\000v\000e\000r}{section.6.3}% 70
\BOOKMARK [2][-]{subsection.6.3.9}{\376\377\000I\000n\000v\000e\000s\000t\000i\000g\000a\000t\000i\000n\000g\000\040\000s\000t\000a\000r\000\040\000T\000o\000p\000o\000l\000o\000g\000y}{section.6.3}% 71
\BOOKMARK [2][-]{subsection.6.3.10}{\376\377\000D\000i\000s\000t\000r\000i\000b\000u\000t\000e\000d\000\040\000c\000o\000n\000t\000r\000o\000l\000\040\000p\000r\000o\000t\000o\000c\000o\000l\000\040\000w\000i\000t\000h\000\040\000t\000h\000e\000\040\000l\000o\000c\000a\000l\000\040\000o\000b\000s\000e\000r\000v\000e\000r}{section.6.3}% 72
\BOOKMARK [2][-]{subsection.6.3.11}{\376\377\000D\000i\000s\000t\000r\000i\000b\000u\000t\000e\000d\000\040\000c\000o\000n\000t\000r\000o\000l\000\040\000p\000r\000o\000t\000o\000c\000o\000l\000\040\000w\000i\000t\000h\000\040\000t\000h\000e\000\040\000g\000l\000o\000b\000a\000l\000\040\000o\000b\000s\000e\000r\000v\000e\000r}{section.6.3}% 73
\BOOKMARK [2][-]{subsection.6.3.12}{\376\377\000C\000o\000m\000p\000a\000r\000i\000n\000g\000\040\000t\000h\000e\000\040\000p\000e\000r\000f\000o\000r\000m\000a\000n\000c\000e\000\040\000o\000f\000\040\000t\000h\000e\000\040\000d\000i\000f\000f\000e\000r\000e\000n\000c\000e\000\040\000t\000o\000p\000o\000l\000o\000g\000i\000e\000s}{section.6.3}% 74
\BOOKMARK [2][-]{subsection.6.3.13}{\376\377\000C\000o\000m\000p\000a\000r\000i\000n\000g\000\040\000t\000h\000e\000\040\000p\000e\000r\000f\000o\000r\000m\000a\000n\000c\000e\000\040\000o\000f\000\040\000t\000h\000e\000\040\000l\000o\000c\000a\000l\000\040\000o\000b\000s\000e\000r\000v\000e\000r\000\040\000v\000s\000.\000\040\000g\000l\000o\000b\000a\000l\000\040\000o\000b\000s\000e\000r\000v\000e\000r}{section.6.3}% 75
\BOOKMARK [1][-]{section.6.4}{\376\377\000d\000i\000s\000c\000r\000e\000t\000i\000z\000e\000d\000\040\000i\000m\000p\000l\000e\000m\000e\000n\000t\000a\000t\000i\000o\000n\000\040\000g\000l\000o\000b\000a\000l\000\040\000o\000b\000s\000e\000r\000v\000e\000r}{chapter.6}% 76
\BOOKMARK [1][-]{section.6.5}{\376\377\000T\000h\000e\000\040\000e\000f\000f\000e\000c\000t\000\040\000o\000f\000\040\000t\000h\000e\000\040\000c\000o\000u\000p\000l\000i\000n\000g\000\040\000g\000a\000i\000n\000\040\000c\000\040\000a\000n\000d\000\040\000w\000e\000i\000g\000h\000t\000\040\000m\000a\000t\000r\000i\000c\000e\000s\000\040\000Q\000\040\000a\000n\000d\000\040\000R}{chapter.6}% 77
\BOOKMARK [1][-]{section.6.6}{\376\377\000E\000f\000f\000e\000c\000t\000\040\000o\000f\000\040\000n\000o\000i\000s\000e}{chapter.6}% 78
\BOOKMARK [1][-]{section.6.7}{\376\377\000S\000e\000l\000e\000c\000t\000e\000d\000\040\000s\000t\000r\000u\000c\000t\000u\000r\000e}{chapter.6}% 79
